<?xml version="1.0" encoding="US-ASCII" standalone="no"?>
<!DOCTYPE log SYSTEM "logger.dtd">
<log>
<record>
  <date>2017-07-24T14:33:48</date>
  <millis>1500878028643</millis>
  <sequence>1</sequence>
  <logger>com.inmon.sflowtrend</logger>
  <level>CONFIG</level>
  <class>com.inmon.sflowtrend.b</class>
  <method>s</method>
  <thread>1</thread>
  <message>sFlowTrend version 6.5.04, revision 4567</message>
</record>
<record>
  <date>2017-07-24T14:33:48</date>
  <millis>1500878028644</millis>
  <sequence>2</sequence>
  <logger>com.inmon.sflowtrend</logger>
  <level>CONFIG</level>
  <class>com.inmon.sflowtrend.b</class>
  <method>s</method>
  <thread>1</thread>
  <message>Java: Oracle Corporation 1.7.0_121
OS: Linux 3.10.0-514.6.1.el7.x86_64 amd64
Free mem: 987233984, max mem: 1908932608</message>
</record>
<record>
  <date>2017-07-24T14:33:48</date>
  <millis>1500878028972</millis>
  <sequence>3</sequence>
  <logger>com.inmon.sflowtrend</logger>
  <level>CONFIG</level>
  <class>com.inmon.sflowtrend.b</class>
  <method>t</method>
  <thread>1</thread>
  <message>Product: sFlowTrend, licenseID: SFT-FREE</message>
</record>
<record>
  <date>2017-07-24T14:33:49</date>
  <millis>1500878029490</millis>
  <sequence>4</sequence>
  <logger>com.inmon.sflowtrend.flowmgr</logger>
  <level>INFO</level>
  <class>com.inmon.sflowtrend.k.c</class>
  <method>&lt;init&gt;</method>
  <thread>1</thread>
  <message>MemoryMgr.MemoryMgr: memory threshold set to 1378877440</message>
</record>
<record>
  <date>2017-07-24T14:33:49</date>
  <millis>1500878029583</millis>
  <sequence>5</sequence>
  <logger>com.inmon.sflowtrend.server</logger>
  <level>INFO</level>
  <class>com.inmon.sflowtrend.f.c</class>
  <method>&lt;init&gt;</method>
  <thread>1</thread>
  <message>LocalServer.LocalServer: server created</message>
</record>
<record>
  <date>2017-07-24T14:33:49</date>
  <millis>1500878029670</millis>
  <sequence>6</sequence>
  <logger>org.eclipse.jetty.util.log</logger>
  <level>INFO</level>
  <class>org.eclipse.jetty.util.log.JavaUtilLog</class>
  <method>info</method>
  <thread>1</thread>
  <message>Logging initialized @1229ms</message>
</record>
<record>
  <date>2017-07-24T14:33:49</date>
  <millis>1500878029831</millis>
  <sequence>7</sequence>
  <logger>org.eclipse.jetty.server.Server</logger>
  <level>INFO</level>
  <class>org.eclipse.jetty.util.log.JavaUtilLog</class>
  <method>info</method>
  <thread>1</thread>
  <message>jetty-9.2.21.v20170120</message>
</record>
<record>
  <date>2017-07-24T14:33:49</date>
  <millis>1500878029854</millis>
  <sequence>8</sequence>
  <logger>org.eclipse.jetty.server.handler.ContextHandler</logger>
  <level>INFO</level>
  <class>org.eclipse.jetty.util.log.JavaUtilLog</class>
  <method>info</method>
  <thread>1</thread>
  <message>Started o.e.j.s.ServletContextHandler@5b455694{/sflowtrend,jar:file:/opt/sflowtrend-pro/lib/sflowtrend.jar!/client,AVAILABLE}</message>
</record>
<record>
  <date>2017-07-24T14:33:49</date>
  <millis>1500878029863</millis>
  <sequence>9</sequence>
  <logger>org.eclipse.jetty.server.Server</logger>
  <level>INFO</level>
  <class>org.eclipse.jetty.util.log.JavaUtilLog</class>
  <method>info</method>
  <thread>1</thread>
  <message>Started @1422ms</message>
</record>
<record>
  <date>2017-07-24T14:33:49</date>
  <millis>1500878029883</millis>
  <sequence>10</sequence>
  <logger>org.eclipse.jetty.server.ServerConnector</logger>
  <level>INFO</level>
  <class>org.eclipse.jetty.util.log.JavaUtilLog</class>
  <method>info</method>
  <thread>1</thread>
  <message>Started ServerConnector@46edcfd3{HTTP/1.1}{0.0.0.0:8087}</message>
</record>
<record>
  <date>2017-07-24T14:33:49</date>
  <millis>1500878029884</millis>
  <sequence>11</sequence>
  <logger>com.inmon.sflowtrend.server</logger>
  <level>INFO</level>
  <class>com.inmon.sflowtrend.f.c</class>
  <method>oc</method>
  <thread>1</thread>
  <message>LocalServer.createHttpServer: created http server on port 8087</message>
</record>
<record>
  <date>2017-07-24T14:33:50</date>
  <millis>1500878030013</millis>
  <sequence>12</sequence>
  <logger>org.eclipse.jetty.server.ServerConnector</logger>
  <level>INFO</level>
  <class>org.eclipse.jetty.util.log.JavaUtilLog</class>
  <method>info</method>
  <thread>1</thread>
  <message>Started ServerConnector@26e4b27a{SSL-http/1.1}{0.0.0.0:8443}</message>
</record>
<record>
  <date>2017-07-24T14:33:50</date>
  <millis>1500878030014</millis>
  <sequence>13</sequence>
  <logger>com.inmon.sflowtrend.server</logger>
  <level>INFO</level>
  <class>com.inmon.sflowtrend.f.c</class>
  <method>oc</method>
  <thread>1</thread>
  <message>LocalServer.createHttpServer: created https server on port 8443</message>
</record>
<record>
  <date>2017-07-24T14:34:10</date>
  <millis>1500878050454</millis>
  <sequence>14</sequence>
  <logger>com.inmon.sflowtrend.server</logger>
  <level>INFO</level>
  <class>com.inmon.sflowtrend.f.c</class>
  <method>x</method>
  <thread>44</thread>
  <message>LocalServer.connect: 221.219.133.112 connected as user: null role: administrator</message>
</record>
<record>
  <date>2017-07-24T14:40:37</date>
  <millis>1500878437953</millis>
  <sequence>15</sequence>
  <logger>com.inmon.sflowtrend.server</logger>
  <level>INFO</level>
  <class>com.inmon.sflowtrend.f.c</class>
  <method>x</method>
  <thread>59</thread>
  <message>LocalServer.connect: 124.239.176.58 connected as user: null role: administrator</message>
</record>
<record>
  <date>2017-07-24T14:46:46</date>
  <millis>1500878806801</millis>
  <sequence>16</sequence>
  <logger>com.inmon.sflowtrend.server</logger>
  <level>INFO</level>
  <class>com.inmon.sflowtrend.f.c</class>
  <method>x</method>
  <thread>68</thread>
  <message>LocalServer.connect: 101.226.102.79 connected as user: null role: administrator</message>
</record>
<record>
  <date>2017-07-24T15:12:36</date>
  <millis>1500880356200</millis>
  <sequence>17</sequence>
  <logger>com.inmon.sflowtrend.server</logger>
  <level>INFO</level>
  <class>com.inmon.sflowtrend.f.c</class>
  <method>x</method>
  <thread>92</thread>
  <message>LocalServer.connect: 101.226.125.108 connected as user: null role: administrator</message>
</record>
<record>
  <date>2017-07-24T15:12:43</date>
  <millis>1500880363538</millis>
  <sequence>18</sequence>
  <logger>com.inmon.sflowtrend.server</logger>
  <level>INFO</level>
  <class>com.inmon.sflowtrend.f.c</class>
  <method>x</method>
  <thread>98</thread>
  <message>LocalServer.connect: 101.226.125.19 connected as user: null role: administrator</message>
</record>
<record>
  <date>2017-07-24T15:12:53</date>
  <millis>1500880373669</millis>
  <sequence>19</sequence>
  <logger>com.inmon.sflowtrend.server</logger>
  <level>INFO</level>
  <class>com.inmon.sflowtrend.f.c</class>
  <method>x</method>
  <thread>89</thread>
  <message>LocalServer.connect: 221.219.133.112 connected as user: null role: administrator</message>
</record>
<record>
  <date>2017-07-24T17:53:14</date>
  <millis>1500889994812</millis>
  <sequence>20</sequence>
  <logger>com.inmon.sflowtrend.server</logger>
  <level>INFO</level>
  <class>com.inmon.sflowtrend.f.c</class>
  <method>x</method>
  <thread>287</thread>
  <message>LocalServer.connect: 124.239.176.58 connected as user: cnix_noc role: administrator</message>
</record>
<record>
  <date>2017-07-25T10:54:44</date>
  <millis>1500951284719</millis>
  <sequence>21</sequence>
  <logger>com.inmon.sflowtrend.server</logger>
  <level>INFO</level>
  <class>com.inmon.sflowtrend.f.d.c</class>
  <method>e</method>
  <thread>1526</thread>
  <message>PersistentSesions.authorise: 124.239.176.58 connected as user: cnix_noc</message>
</record>
<record>
  <date>2017-07-25T13:30:05</date>
  <millis>1500960605749</millis>
  <sequence>22</sequence>
  <logger>com.inmon.sflowtrend.server</logger>
  <level>INFO</level>
  <class>com.inmon.sflowtrend.f.d.c</class>
  <method>e</method>
  <thread>1711</thread>
  <message>PersistentSesions.authorise: 124.239.176.58 connected as user: cnix_noc</message>
</record>
<record>
  <date>2017-07-25T22:43:03</date>
  <millis>1500993783884</millis>
  <sequence>23</sequence>
  <logger>org.eclipse.jetty.http.HttpParser</logger>
  <level>WARNING</level>
  <class>org.eclipse.jetty.util.log.JavaUtilLog</class>
  <method>warn</method>
  <thread>2381</thread>
  <message>badMessage: 400 No Host for HttpChannelOverHttp@12d58a7d{r=0,c=false,a=IDLE,uri=/}</message>
</record>
<record>
  <date>2017-07-26T14:54:52</date>
  <millis>1501052092660</millis>
  <sequence>24</sequence>
  <logger>org.eclipse.jetty.http.HttpParser</logger>
  <level>WARNING</level>
  <class>org.eclipse.jetty.util.log.JavaUtilLog</class>
  <method>warn</method>
  <thread>3558</thread>
  <message>Illegal character 0x3 in state=START for buffer HeapByteBuffer@10709a2b[p=1,l=43,c=8192,r=42]={\x03&lt;&lt;&lt;\x00\x00+&amp;\xE0\x00\x00\x00\x00\x00Cookie:...hello\r\n\x01\x00\x08\x00\x03\x00\x00\x00&gt;&gt;&gt;017 20:47:10 GMT\r...\x00\x00\x00\x00\x00\x00\x00\x00\x00\x00\x00\x00\x00\x00\x00}</message>
</record>
<record>
  <date>2017-07-26T14:54:52</date>
  <millis>1501052092661</millis>
  <sequence>25</sequence>
  <logger>org.eclipse.jetty.http.HttpParser</logger>
  <level>WARNING</level>
  <class>org.eclipse.jetty.util.log.JavaUtilLog</class>
  <method>warn</method>
  <thread>3558</thread>
  <message>badMessage: 400 Illegal character 0x3 for HttpChannelOverHttp@5099857b{r=0,c=false,a=IDLE,uri=}</message>
</record>
<record>
  <date>2017-07-26T15:31:55</date>
  <millis>1501054315398</millis>
  <sequence>26</sequence>
  <logger>org.eclipse.jetty.http.HttpParser</logger>
  <level>WARNING</level>
  <class>org.eclipse.jetty.util.log.JavaUtilLog</class>
  <method>warn</method>
  <thread>3602</thread>
  <message>Illegal character 0x3 in state=START for buffer HeapByteBuffer@57e73448[p=1,l=43,c=8192,r=42]={\x03&lt;&lt;&lt;\x00\x00+&amp;\xE0\x00\x00\x00\x00\x00Cookie:...hello\r\n\x01\x00\x08\x00\x03\x00\x00\x00&gt;&gt;&gt;017 05:41:21 GMT\r...\x00\x00\x00\x00\x00\x00\x00\x00\x00\x00\x00\x00\x00\x00\x00}</message>
</record>
<record>
  <date>2017-07-26T15:31:55</date>
  <millis>1501054315399</millis>
  <sequence>27</sequence>
  <logger>org.eclipse.jetty.http.HttpParser</logger>
  <level>WARNING</level>
  <class>org.eclipse.jetty.util.log.JavaUtilLog</class>
  <method>warn</method>
  <thread>3602</thread>
  <message>badMessage: 400 Illegal character 0x3 for HttpChannelOverHttp@c19900e{r=0,c=false,a=IDLE,uri=}</message>
</record>
<record>
  <date>2017-07-26T16:09:09</date>
  <millis>1501056549961</millis>
  <sequence>28</sequence>
  <logger>org.eclipse.jetty.http.HttpParser</logger>
  <level>WARNING</level>
  <class>org.eclipse.jetty.util.log.JavaUtilLog</class>
  <method>warn</method>
  <thread>3647</thread>
  <message>Illegal character 0x3 in state=START for buffer HeapByteBuffer@8e43975[p=1,l=43,c=8192,r=42]={\x03&lt;&lt;&lt;\x00\x00+&amp;\xE0\x00\x00\x00\x00\x00Cookie:...hello\r\n\x01\x00\x08\x00\x03\x00\x00\x00&gt;&gt;&gt;1500968223362 HTT...\x00\x00\x00\x00\x00\x00\x00\x00\x00\x00\x00\x00\x00\x00\x00}</message>
</record>
<record>
  <date>2017-07-26T16:09:09</date>
  <millis>1501056549962</millis>
  <sequence>29</sequence>
  <logger>org.eclipse.jetty.http.HttpParser</logger>
  <level>WARNING</level>
  <class>org.eclipse.jetty.util.log.JavaUtilLog</class>
  <method>warn</method>
  <thread>3647</thread>
  <message>badMessage: 400 Illegal character 0x3 for HttpChannelOverHttp@3f7834e2{r=0,c=false,a=IDLE,uri=}</message>
</record>
</log>
