<?xml version="1.0" encoding="US-ASCII" standalone="no"?>
<!DOCTYPE log SYSTEM "logger.dtd">
<log>
<record>
  <date>2017-08-17T10:39:00</date>
  <millis>1502937540277</millis>
  <sequence>0</sequence>
  <logger>com.inmon.sflowtrend</logger>
  <level>CONFIG</level>
  <class>com.inmon.sflowtrend.b</class>
  <method>s</method>
  <thread>1</thread>
  <message>sFlowTrend version 6.5.04, revision 4567</message>
</record>
<record>
  <date>2017-08-17T10:39:00</date>
  <millis>1502937540278</millis>
  <sequence>1</sequence>
  <logger>com.inmon.sflowtrend</logger>
  <level>CONFIG</level>
  <class>com.inmon.sflowtrend.b</class>
  <method>s</method>
  <thread>1</thread>
  <message>Java: Oracle Corporation 1.7.0_121
OS: Linux 3.10.0-514.6.1.el7.x86_64 amd64
Free mem: 992476936, max mem: 1908932608</message>
</record>
<record>
  <date>2017-08-17T10:39:00</date>
  <millis>1502937540626</millis>
  <sequence>2</sequence>
  <logger>com.inmon.sflowtrend</logger>
  <level>CONFIG</level>
  <class>com.inmon.sflowtrend.b</class>
  <method>t</method>
  <thread>1</thread>
  <message>Product: sFlowTrend, licenseID: SFT-FREE</message>
</record>
<record>
  <date>2017-08-17T10:39:01</date>
  <millis>1502937541036</millis>
  <sequence>3</sequence>
  <logger>com.inmon.sflowtrend.flowmgr</logger>
  <level>INFO</level>
  <class>com.inmon.sflowtrend.k.c</class>
  <method>&lt;init&gt;</method>
  <thread>1</thread>
  <message>MemoryMgr.MemoryMgr: memory threshold set to 1378877440</message>
</record>
<record>
  <date>2017-08-17T10:39:01</date>
  <millis>1502937541107</millis>
  <sequence>4</sequence>
  <logger>com.inmon.sflowtrend.server</logger>
  <level>INFO</level>
  <class>com.inmon.sflowtrend.f.c</class>
  <method>&lt;init&gt;</method>
  <thread>1</thread>
  <message>LocalServer.LocalServer: server created</message>
</record>
<record>
  <date>2017-08-17T10:39:01</date>
  <millis>1502937541189</millis>
  <sequence>5</sequence>
  <logger>org.eclipse.jetty.util.log</logger>
  <level>INFO</level>
  <class>org.eclipse.jetty.util.log.JavaUtilLog</class>
  <method>info</method>
  <thread>1</thread>
  <message>Logging initialized @1106ms</message>
</record>
<record>
  <date>2017-08-17T10:39:01</date>
  <millis>1502937541346</millis>
  <sequence>6</sequence>
  <logger>org.eclipse.jetty.server.Server</logger>
  <level>INFO</level>
  <class>org.eclipse.jetty.util.log.JavaUtilLog</class>
  <method>info</method>
  <thread>1</thread>
  <message>jetty-9.2.21.v20170120</message>
</record>
<record>
  <date>2017-08-17T10:39:01</date>
  <millis>1502937541370</millis>
  <sequence>7</sequence>
  <logger>org.eclipse.jetty.server.handler.ContextHandler</logger>
  <level>INFO</level>
  <class>org.eclipse.jetty.util.log.JavaUtilLog</class>
  <method>info</method>
  <thread>1</thread>
  <message>Started o.e.j.s.ServletContextHandler@32f3e2f5{/sflowtrend,jar:file:/opt/sflowtrend-pro/lib/sflowtrend.jar!/client,AVAILABLE}</message>
</record>
<record>
  <date>2017-08-17T10:39:01</date>
  <millis>1502937541371</millis>
  <sequence>8</sequence>
  <logger>org.eclipse.jetty.server.Server</logger>
  <level>INFO</level>
  <class>org.eclipse.jetty.util.log.JavaUtilLog</class>
  <method>info</method>
  <thread>1</thread>
  <message>Started @1288ms</message>
</record>
<record>
  <date>2017-08-17T10:39:01</date>
  <millis>1502937541391</millis>
  <sequence>9</sequence>
  <logger>org.eclipse.jetty.server.ServerConnector</logger>
  <level>INFO</level>
  <class>org.eclipse.jetty.util.log.JavaUtilLog</class>
  <method>info</method>
  <thread>1</thread>
  <message>Started ServerConnector@601211d0{HTTP/1.1}{0.0.0.0:8087}</message>
</record>
<record>
  <date>2017-08-17T10:39:01</date>
  <millis>1502937541392</millis>
  <sequence>10</sequence>
  <logger>com.inmon.sflowtrend.server</logger>
  <level>INFO</level>
  <class>com.inmon.sflowtrend.f.c</class>
  <method>oc</method>
  <thread>1</thread>
  <message>LocalServer.createHttpServer: created http server on port 8087</message>
</record>
<record>
  <date>2017-08-17T10:39:01</date>
  <millis>1502937541516</millis>
  <sequence>11</sequence>
  <logger>org.eclipse.jetty.server.ServerConnector</logger>
  <level>INFO</level>
  <class>org.eclipse.jetty.util.log.JavaUtilLog</class>
  <method>info</method>
  <thread>1</thread>
  <message>Started ServerConnector@130f7b39{SSL-http/1.1}{0.0.0.0:8443}</message>
</record>
<record>
  <date>2017-08-17T10:39:01</date>
  <millis>1502937541517</millis>
  <sequence>12</sequence>
  <logger>com.inmon.sflowtrend.server</logger>
  <level>INFO</level>
  <class>com.inmon.sflowtrend.f.c</class>
  <method>oc</method>
  <thread>1</thread>
  <message>LocalServer.createHttpServer: created https server on port 8443</message>
</record>
<record>
  <date>2017-08-19T22:17:23</date>
  <millis>1503152243529</millis>
  <sequence>13</sequence>
  <logger>org.eclipse.jetty.http.HttpParser</logger>
  <level>WARNING</level>
  <class>org.eclipse.jetty.util.log.JavaUtilLog</class>
  <method>warn</method>
  <thread>4383</thread>
  <message>Illegal character 0x0 in state=START for buffer HeapByteBuffer@792c6c94[p=1,l=5,c=8192,r=4]={\x00&lt;&lt;&lt;\x00\x00\x01\x07&gt;&gt;&gt;1.1 404 Not Found...\x00\x00\x00\x00\x00\x00\x00\x00\x00\x00\x00\x00\x00\x00\x00}</message>
</record>
<record>
  <date>2017-08-19T22:17:23</date>
  <millis>1503152243530</millis>
  <sequence>14</sequence>
  <logger>org.eclipse.jetty.http.HttpParser</logger>
  <level>WARNING</level>
  <class>org.eclipse.jetty.util.log.JavaUtilLog</class>
  <method>warn</method>
  <thread>4383</thread>
  <message>badMessage: 400 Illegal character 0x0 for HttpChannelOverHttp@538ca6b2{r=0,c=false,a=IDLE,uri=}</message>
</record>
<record>
  <date>2017-08-22T03:39:15</date>
  <millis>1503344355841</millis>
  <sequence>15</sequence>
  <logger>org.eclipse.jetty.http.HttpParser</logger>
  <level>WARNING</level>
  <class>org.eclipse.jetty.util.log.JavaUtilLog</class>
  <method>warn</method>
  <thread>8265</thread>
  <message>badMessage: 400 No URI for HttpChannelOverHttp@69b33054{r=0,c=false,a=IDLE,uri=}</message>
</record>
<record>
  <date>2017-08-22T03:39:16</date>
  <millis>1503344356275</millis>
  <sequence>16</sequence>
  <logger>org.eclipse.jetty.http.HttpParser</logger>
  <level>WARNING</level>
  <class>org.eclipse.jetty.util.log.JavaUtilLog</class>
  <method>warn</method>
  <thread>8265</thread>
  <message>Illegal character 0x0 in state=START for buffer HeapByteBuffer@5946785e[p=1,l=5,c=8192,r=4]={\x00&lt;&lt;&lt;\x00\x00\x01\x07&gt;&gt;&gt;sflowtrend/lib/jq...\x00\x00\x00\x00\x00\x00\x00\x00\x00\x00\x00\x00\x00\x00\x00}</message>
</record>
<record>
  <date>2017-08-22T03:39:16</date>
  <millis>1503344356276</millis>
  <sequence>17</sequence>
  <logger>org.eclipse.jetty.http.HttpParser</logger>
  <level>WARNING</level>
  <class>org.eclipse.jetty.util.log.JavaUtilLog</class>
  <method>warn</method>
  <thread>8265</thread>
  <message>badMessage: 400 Illegal character 0x0 for HttpChannelOverHttp@2188911c{r=0,c=false,a=IDLE,uri=}</message>
</record>
<record>
  <date>2017-08-22T03:39:16</date>
  <millis>1503344356674</millis>
  <sequence>18</sequence>
  <logger>org.eclipse.jetty.http.HttpParser</logger>
  <level>WARNING</level>
  <class>org.eclipse.jetty.util.log.JavaUtilLog</class>
  <method>warn</method>
  <thread>8265</thread>
  <message>Illegal character 0x0 in state=START for buffer HeapByteBuffer@29c5c19[p=1,l=13,c=8192,r=12]={\x00&lt;&lt;&lt;\x0bn\x00\x00\x00\x00\x01\x04be\x00\x00&gt;&gt;&gt;OK\r\nDate: Mon, 21...\x00\x00\x00\x00\x00\x00\x00\x00\x00\x00\x00\x00\x00\x00\x00}</message>
</record>
<record>
  <date>2017-08-22T03:39:16</date>
  <millis>1503344356674</millis>
  <sequence>19</sequence>
  <logger>org.eclipse.jetty.http.HttpParser</logger>
  <level>WARNING</level>
  <class>org.eclipse.jetty.util.log.JavaUtilLog</class>
  <method>warn</method>
  <thread>8265</thread>
  <message>badMessage: 400 Illegal character 0x0 for HttpChannelOverHttp@67626ea5{r=0,c=false,a=IDLE,uri=}</message>
</record>
<record>
  <date>2017-08-22T03:39:17</date>
  <millis>1503344357073</millis>
  <sequence>20</sequence>
  <logger>org.eclipse.jetty.http.HttpParser</logger>
  <level>WARNING</level>
  <class>org.eclipse.jetty.util.log.JavaUtilLog</class>
  <method>warn</method>
  <thread>8265</thread>
  <message>Illegal character 0x0 in state=START for buffer HeapByteBuffer@ad7d32f[p=1,l=13,c=8192,r=12]={\x00&lt;&lt;&lt;\x00\x07\x00\x08\x00\x03\x00\x04\x00\x05\x00\x06&gt;&gt;&gt;Unauthorized\r\nDat...\x00\x00\x00\x00\x00\x00\x00\x00\x00\x00\x00\x00\x00\x00\x00}</message>
</record>
<record>
  <date>2017-08-22T03:39:17</date>
  <millis>1503344357074</millis>
  <sequence>21</sequence>
  <logger>org.eclipse.jetty.http.HttpParser</logger>
  <level>WARNING</level>
  <class>org.eclipse.jetty.util.log.JavaUtilLog</class>
  <method>warn</method>
  <thread>8265</thread>
  <message>badMessage: 400 Illegal character 0x0 for HttpChannelOverHttp@5f69b838{r=0,c=false,a=IDLE,uri=}</message>
</record>
<record>
  <date>2017-08-23T22:03:46</date>
  <millis>1503497026089</millis>
  <sequence>22</sequence>
  <logger>org.eclipse.jetty.http.HttpParser</logger>
  <level>WARNING</level>
  <class>org.eclipse.jetty.util.log.JavaUtilLog</class>
  <method>warn</method>
  <thread>11346</thread>
  <message>Illegal character 0x0 in state=START for buffer HeapByteBuffer@29c5c19[p=1,l=5,c=8192,r=4]={\x00&lt;&lt;&lt;\x00\x00\x01\x07&gt;&gt;&gt; HTTP/1.0\r\n\r\nate:...\x00\x00\x00\x00\x00\x00\x00\x00\x00\x00\x00\x00\x00\x00\x00}</message>
</record>
<record>
  <date>2017-08-23T22:03:46</date>
  <millis>1503497026090</millis>
  <sequence>23</sequence>
  <logger>org.eclipse.jetty.http.HttpParser</logger>
  <level>WARNING</level>
  <class>org.eclipse.jetty.util.log.JavaUtilLog</class>
  <method>warn</method>
  <thread>11346</thread>
  <message>badMessage: 400 Illegal character 0x0 for HttpChannelOverHttp@680c3bff{r=0,c=false,a=IDLE,uri=}</message>
</record>
<record>
  <date>2017-08-24T19:31:16</date>
  <millis>1503574276610</millis>
  <sequence>24</sequence>
  <logger>org.eclipse.jetty.http.HttpParser</logger>
  <level>WARNING</level>
  <class>org.eclipse.jetty.util.log.JavaUtilLog</class>
  <method>warn</method>
  <thread>12908</thread>
  <message>badMessage: 400 No URI for HttpChannelOverHttp@4eb02109{r=0,c=false,a=IDLE,uri=}</message>
</record>
<record>
  <date>2017-08-27T19:30:33</date>
  <millis>1503833433796</millis>
  <sequence>25</sequence>
  <logger>org.eclipse.jetty.http.HttpParser</logger>
  <level>WARNING</level>
  <class>org.eclipse.jetty.util.log.JavaUtilLog</class>
  <method>warn</method>
  <thread>18147</thread>
  <message>Illegal character 0x0 in state=START for buffer HeapByteBuffer@ad7d32f[p=1,l=5,c=8192,r=4]={\x00&lt;&lt;&lt;\x00\x00\x01\x07&gt;&gt;&gt;ttp://www.baidu.c...\x00\x00\x00\x00\x00\x00\x00\x00\x00\x00\x00\x00\x00\x00\x00}</message>
</record>
<record>
  <date>2017-08-27T19:30:33</date>
  <millis>1503833433797</millis>
  <sequence>26</sequence>
  <logger>org.eclipse.jetty.http.HttpParser</logger>
  <level>WARNING</level>
  <class>org.eclipse.jetty.util.log.JavaUtilLog</class>
  <method>warn</method>
  <thread>18147</thread>
  <message>badMessage: 400 Illegal character 0x0 for HttpChannelOverHttp@6e1a2fe{r=0,c=false,a=IDLE,uri=}</message>
</record>
<record>
  <date>2017-08-27T19:30:41</date>
  <millis>1503833441997</millis>
  <sequence>27</sequence>
  <logger>org.eclipse.jetty.http.HttpParser</logger>
  <level>WARNING</level>
  <class>org.eclipse.jetty.util.log.JavaUtilLog</class>
  <method>warn</method>
  <thread>18147</thread>
  <message>badMessage: 400 for HttpChannelOverHttp@691e389d{r=0,c=false,a=IDLE,uri=}</message>
</record>
<record>
  <date>2017-08-27T19:30:42</date>
  <millis>1503833442001</millis>
  <sequence>28</sequence>
  <logger>org.eclipse.jetty.http.HttpParser</logger>
  <level>WARNING</level>
  <class>org.eclipse.jetty.util.log.JavaUtilLog</class>
  <method>warn</method>
  <thread>18147</thread>
  <message>Illegal character 0x16 in state=START for buffer HeapByteBuffer@29c5c19[p=1,l=379,c=8192,r=378]={\x16&lt;&lt;&lt;\x03\x01\x01v\x01\x00\x01r\x03\x03Y\xA2\xAda\x84-\x83...\x03\x03\x02\x01\x02\x02\x02\x03\x01\x01\x00\x0f\x00\x01\x01&gt;&gt;&gt;.11.4/jquery-ui.t...\x00\x00\x00\x00\x00\x00\x00\x00\x00\x00\x00\x00\x00\x00\x00}</message>
</record>
<record>
  <date>2017-08-27T19:30:42</date>
  <millis>1503833442002</millis>
  <sequence>29</sequence>
  <logger>org.eclipse.jetty.http.HttpParser</logger>
  <level>WARNING</level>
  <class>org.eclipse.jetty.util.log.JavaUtilLog</class>
  <method>warn</method>
  <thread>18147</thread>
  <message>badMessage: 400 Illegal character 0x16 for HttpChannelOverHttp@104ffab3{r=0,c=false,a=IDLE,uri=}</message>
</record>
</log>
